TN:
SF:src/Maze.js
FN:9,Maze
FN:19,findPath
FN:65,isValid
FN:75,findPathInMaze
FNF:4
FNH:4
FNDA:2,Maze
FNDA:2,findPath
FNDA:28,isValid
FNDA:2,findPathInMaze
DA:1,1
DA:2,1
DA:3,1
DA:4,1
DA:5,1
DA:6,1
DA:7,1
DA:8,1
DA:9,1
DA:10,2
DA:11,2
DA:12,2
DA:13,2
DA:14,1
DA:15,1
DA:16,1
DA:17,1
DA:18,1
DA:19,1
DA:20,2
DA:21,2
DA:22,2
DA:23,2
DA:24,2
DA:25,2
DA:26,2
DA:27,2
DA:28,2
DA:29,2
DA:30,2
DA:31,2
DA:32,2
DA:33,2
DA:34,2
DA:35,8
DA:36,8
DA:37,8
DA:38,8
DA:39,8
DA:40,8
DA:41,1
DA:42,1
DA:43,7
DA:44,8
DA:45,28
DA:46,28
DA:47,28
DA:48,28
DA:49,8
DA:50,8
DA:51,8
DA:52,28
DA:53,7
DA:54,1
DA:55,1
DA:56,1
DA:57,1
DA:58,1
DA:59,1
DA:60,1
DA:61,1
DA:62,1
DA:63,1
DA:64,1
DA:65,1
DA:66,28
DA:67,28
DA:68,1
DA:69,1
DA:70,1
DA:71,1
DA:72,1
DA:73,1
DA:74,1
DA:75,1
DA:76,2
DA:77,2
DA:78,2
LF:78
LH:78
BRDA:9,0,0,2
BRDA:19,1,0,2
BRDA:34,2,0,8
BRDA:40,3,0,1
BRDA:40,4,0,1
BRDA:42,5,0,7
BRDA:44,6,0,28
BRDA:48,7,0,8
BRDA:52,8,0,7
BRDA:53,9,0,1
BRDA:21,10,0,8
BRDA:65,11,0,28
BRDA:66,12,0,25
BRDA:66,13,0,25
BRDA:66,14,0,23
BRDA:66,15,0,22
BRDA:66,16,0,17
BRDA:75,17,0,2
BRF:18
BRH:18
end_of_record
TN:
SF:src/MostFrequentFinder.js
FN:9,MostFrequentFinder
FN:18,findMostFrequent
FNF:2
FNH:2
FNDA:6,MostFrequentFinder
FNDA:6,findMostFrequent
DA:1,1
DA:2,1
DA:3,1
DA:4,1
DA:5,1
DA:6,1
DA:7,1
DA:8,1
DA:9,1
DA:10,6
DA:11,6
DA:12,1
DA:13,1
DA:14,1
DA:15,1
DA:16,1
DA:17,1
DA:18,1
DA:19,6
DA:20,1
DA:21,1
DA:22,5
DA:23,5
DA:24,5
DA:25,5
DA:26,5
DA:27,5
DA:28,27
DA:29,27
DA:30,27
DA:31,27
DA:32,13
DA:33,13
DA:34,27
DA:35,9
DA:36,9
DA:37,5
DA:38,5
DA:39,5
DA:40,5
DA:41,1
LF:41
LH:41
BRDA:9,0,0,6
BRDA:18,1,0,6
BRDA:19,2,0,1
BRDA:21,3,0,5
BRDA:27,4,0,27
BRDA:28,5,0,13
BRDA:31,6,0,13
BRDA:34,7,0,14
BRDA:34,8,0,9
BRF:9
BRH:9
end_of_record
TN:
SF:src/PairsFinder.js
FN:10,PairsFinder
FN:19,findPairs
FNF:2
FNH:2
FNDA:4,PairsFinder
FNDA:4,findPairs
DA:1,1
DA:2,1
DA:3,1
DA:4,1
DA:5,1
DA:6,1
DA:7,1
DA:8,1
DA:9,1
DA:10,1
DA:11,4
DA:12,4
DA:13,4
DA:14,1
DA:15,1
DA:16,1
DA:17,1
DA:18,1
DA:19,1
DA:20,4
DA:21,4
DA:22,4
DA:23,4
DA:24,14
DA:25,14
DA:26,4
DA:27,4
DA:28,14
DA:29,4
DA:30,4
DA:31,4
DA:32,4
DA:33,1
LF:33
LH:33
BRDA:10,0,0,4
BRDA:19,1,0,4
BRDA:23,2,0,14
BRDA:25,3,0,4
BRF:4
BRH:4
end_of_record
TN:
SF:src/PriorityBankQueue.js
FN:8,PriorityBankQueue
FN:18,addCustomer
FN:26,serveCustomers
FNF:3
FNH:3
FNDA:2,PriorityBankQueue
FNDA:6,addCustomer
FNDA:1,serveCustomers
DA:1,1
DA:2,1
DA:3,1
DA:4,1
DA:5,1
DA:6,1
DA:7,1
DA:8,1
DA:9,2
DA:10,2
DA:11,1
DA:12,1
DA:13,1
DA:14,1
DA:15,1
DA:16,1
DA:17,1
DA:18,1
DA:19,6
DA:20,6
DA:21,6
DA:22,1
DA:23,1
DA:24,1
DA:25,1
DA:26,1
DA:27,1
DA:28,1
DA:29,3
DA:30,3
DA:31,3
DA:32,1
DA:33,1
DA:34,1
LF:34
LH:34
BRDA:8,0,0,2
BRDA:18,1,0,6
BRDA:20,2,0,10
BRDA:26,3,0,1
BRDA:28,4,0,3
BRF:5
BRH:5
end_of_record
TN:
SF:src/PriorityMessaging.js
FN:10,Message
FN:23,PriorityMessaging
FN:34,addMessage
FN:44,processMessages
FNF:4
FNH:4
FNDA:6,Message
FNDA:2,PriorityMessaging
FNDA:6,addMessage
FNDA:1,processMessages
DA:1,1
DA:2,1
DA:3,1
DA:4,1
DA:5,1
DA:6,1
DA:7,1
DA:8,1
DA:9,1
DA:10,1
DA:11,6
DA:12,6
DA:13,6
DA:14,1
DA:15,1
DA:16,1
DA:17,1
DA:18,1
DA:19,1
DA:20,1
DA:21,1
DA:22,1
DA:23,1
DA:24,2
DA:25,2
DA:26,1
DA:27,1
DA:28,1
DA:29,1
DA:30,1
DA:31,1
DA:32,1
DA:33,1
DA:34,1
DA:35,6
DA:36,6
DA:37,6
DA:38,6
DA:39,6
DA:40,1
DA:41,1
DA:42,1
DA:43,1
DA:44,1
DA:45,1
DA:46,3
DA:47,3
DA:48,3
DA:49,1
DA:50,1
DA:51,1
LF:51
LH:51
BRDA:10,0,0,6
BRDA:23,1,0,2
BRDA:34,2,0,6
BRDA:37,3,0,10
BRDA:44,4,0,1
BRDA:45,5,0,3
BRF:6
BRH:6
end_of_record
TN:
SF:src/SecondLargestFinder.js
FN:9,SecondLargestFinder
FN:18,findSecondLargest
FNF:2
FNH:2
FNDA:5,SecondLargestFinder
FNDA:5,findSecondLargest
DA:1,1
DA:2,1
DA:3,1
DA:4,1
DA:5,1
DA:6,1
DA:7,1
DA:8,1
DA:9,1
DA:10,5
DA:11,5
DA:12,1
DA:13,1
DA:14,1
DA:15,1
DA:16,1
DA:17,1
DA:18,1
DA:19,5
DA:20,1
DA:21,1
DA:22,4
DA:23,4
DA:24,4
DA:25,4
DA:26,4
DA:27,18
DA:28,10
DA:29,10
DA:30,18
DA:31,1
DA:32,1
DA:33,4
DA:34,4
DA:35,5
DA:36,1
DA:37,1
DA:38,3
DA:39,3
DA:40,3
DA:41,1
LF:41
LH:41
BRDA:9,0,0,5
BRDA:18,1,0,5
BRDA:19,2,0,1
BRDA:21,3,0,4
BRDA:35,4,0,1
BRDA:37,5,0,3
BRDA:26,6,0,18
BRDA:27,7,0,14
BRDA:27,8,0,10
BRDA:30,9,0,8
BRDA:30,10,0,5
BRDA:30,11,0,5
BRDA:30,12,0,1
BRF:13
BRH:13
end_of_record
TN:
SF:src/elementosComuns.js
FN:2,elementosComuns
FNF:1
FNH:1
FNDA:6,elementosComuns
DA:1,1
DA:2,6
DA:3,6
DA:4,6
DA:5,6
DA:6,6
DA:7,6
DA:8,6
DA:9,6
DA:10,6
DA:11,6
DA:12,6
DA:13,6
DA:14,6
DA:15,1
DA:16,1
DA:17,1
DA:18,1
DA:19,1
DA:20,1
DA:21,1
DA:22,1
DA:23,1
DA:24,1
LF:24
LH:24
BRDA:2,0,0,6
BRDA:9,1,0,26
BRF:2
BRH:2
end_of_record
TN:
SF:src/infixToPostfixConversion.js
FN:6,infixToPostfixConversion
FN:15,isOperator
FNF:2
FNH:2
FNDA:4,infixToPostfixConversion
FNDA:13,isOperator
DA:1,1
DA:2,1
DA:3,1
DA:4,1
DA:5,1
DA:6,1
DA:7,4
DA:8,4
DA:9,4
DA:10,4
DA:11,4
DA:12,4
DA:13,4
DA:14,4
DA:15,4
DA:16,4
DA:17,4
DA:18,4
DA:19,4
DA:20,36
DA:21,17
DA:22,36
DA:23,3
DA:24,19
DA:25,3
DA:26,4
DA:27,4
DA:28,3
DA:29,16
DA:30,13
DA:31,4
DA:32,4
DA:33,13
DA:34,13
DA:35,36
DA:36,4
DA:37,4
DA:38,5
DA:39,5
DA:40,4
DA:41,4
DA:42,4
LF:42
LH:42
BRDA:6,0,0,4
BRDA:19,1,0,36
BRDA:20,2,0,17
BRDA:22,3,0,19
BRDA:22,4,0,3
BRDA:24,5,0,16
BRDA:24,6,0,3
BRDA:25,7,0,7
BRDA:25,8,0,4
BRDA:29,9,0,13
BRDA:30,10,0,12
BRDA:30,11,0,4
BRDA:37,12,0,5
BRDA:15,13,0,13
BRF:14
BRH:14
end_of_record
TN:
SF:src/listaDuplaEncadeada.js
FN:7,Node
FN:20,ListaDuplamenteEncadeada
FN:34,getHead
FN:48,getTail
FN:59,getCount
FN:72,print
FN:93,adicionarInicio
FN:113,addEnd
FN:136,shift
FN:158,pop
FN:181,getElementAt
FN:207,printForward
FN:232,printBackward
FNF:13
FNH:13
FNDA:24,Node
FNDA:10,ListaDuplamenteEncadeada
FNDA:5,getHead
FNDA:5,getTail
FNDA:6,getCount
FNDA:2,print
FNDA:3,adicionarInicio
FNDA:21,addEnd
FNDA:2,shift
FNDA:2,pop
FNDA:4,getElementAt
FNDA:3,printForward
FNDA:2,printBackward
DA:1,1
DA:2,1
DA:3,1
DA:4,1
DA:5,1
DA:6,1
DA:7,1
DA:8,24
DA:9,24
DA:10,24
DA:11,24
DA:12,1
DA:13,1
DA:14,1
DA:15,1
DA:16,1
DA:17,1
DA:18,1
DA:19,1
DA:20,1
DA:21,10
DA:22,10
DA:23,10
DA:24,10
DA:25,1
DA:26,1
DA:27,1
DA:28,1
DA:29,1
DA:30,1
DA:31,1
DA:32,1
DA:33,1
DA:34,1
DA:35,5
DA:36,4
DA:37,4
DA:38,1
DA:39,1
DA:40,1
DA:41,1
DA:42,1
DA:43,1
DA:44,1
DA:45,1
DA:46,1
DA:47,1
DA:48,1
DA:49,5
DA:50,4
DA:51,4
DA:52,5
DA:53,1
DA:54,1
DA:55,1
DA:56,1
DA:57,1
DA:58,1
DA:59,1
DA:60,6
DA:61,6
DA:62,1
DA:63,1
DA:64,1
DA:65,1
DA:66,1
DA:67,1
DA:68,1
DA:69,1
DA:70,1
DA:71,1
DA:72,1
DA:73,2
DA:74,2
DA:75,2
DA:76,2
DA:77,2
DA:78,6
DA:79,6
DA:80,6
DA:81,2
DA:82,2
DA:83,0
DA:84,0
DA:85,2
DA:86,1
DA:87,1
DA:88,1
DA:89,1
DA:90,1
DA:91,1
DA:92,1
DA:93,1
DA:94,3
DA:95,3
DA:96,3
DA:97,3
DA:98,3
DA:99,3
DA:100,0
DA:101,3
DA:102,3
DA:103,3
DA:104,3
DA:105,3
DA:106,1
DA:107,1
DA:108,1
DA:109,1
DA:110,1
DA:111,1
DA:112,1
DA:113,1
DA:114,21
DA:115,21
DA:116,21
DA:117,21
DA:118,9
DA:119,9
DA:120,9
DA:121,21
DA:122,12
DA:123,12
DA:124,12
DA:125,12
DA:126,21
DA:127,21
DA:128,1
DA:129,1
DA:130,1
DA:131,1
DA:132,1
DA:133,1
DA:134,1
DA:135,1
DA:136,1
DA:137,2
DA:138,2
DA:139,2
DA:140,2
DA:141,2
DA:142,0
DA:143,2
DA:144,2
DA:145,2
DA:146,2
DA:147,2
DA:148,1
DA:149,1
DA:150,1
DA:151,1
DA:152,1
DA:153,1
DA:154,1
DA:155,1
DA:156,1
DA:157,1
DA:158,1
DA:159,2
DA:160,2
DA:161,2
DA:162,0
DA:163,0
DA:164,2
DA:165,2
DA:166,2
DA:167,2
DA:168,2
DA:169,2
DA:170,2
DA:171,1
DA:172,1
DA:173,1
DA:174,1
DA:175,1
DA:176,1
DA:177,1
DA:178,1
DA:179,1
DA:180,1
DA:181,1
DA:182,4
DA:183,4
DA:184,4
DA:185,3
DA:186,3
DA:187,3
DA:188,3
DA:189,3
DA:190,3
DA:191,3
DA:192,4
DA:193,1
DA:194,1
DA:195,4
DA:196,1
DA:197,1
DA:198,1
DA:199,1
DA:200,1
DA:201,1
DA:202,1
DA:203,1
DA:204,1
DA:205,1
DA:206,1
DA:207,1
DA:208,3
DA:209,3
DA:210,0
DA:211,0
DA:212,0
DA:213,3
DA:214,3
DA:215,3
DA:216,12
DA:217,12
DA:218,12
DA:219,3
DA:220,3
DA:221,1
DA:222,1
DA:223,1
DA:224,1
DA:225,1
DA:226,1
DA:227,1
DA:228,1
DA:229,1
DA:230,1
DA:231,1
DA:232,1
DA:233,2
DA:234,2
DA:235,0
DA:236,0
DA:237,0
DA:238,2
DA:239,2
DA:240,2
DA:241,8
DA:242,8
DA:243,8
DA:244,2
DA:245,2
DA:246,1
DA:247,1
DA:248,1
DA:249,1
DA:250,1
DA:251,1
DA:252,1
DA:253,1
DA:254,1
DA:255,1
DA:256,1
DA:257,1
DA:258,1
DA:259,1
DA:260,1
DA:261,1
DA:262,1
DA:263,1
DA:264,1
DA:265,1
DA:266,1
DA:267,1
DA:268,1
LF:268
LH:256
BRDA:7,0,0,24
BRDA:20,1,0,10
BRDA:34,2,0,5
BRDA:35,3,0,4
BRDA:37,4,0,1
BRDA:48,5,0,5
BRDA:49,6,0,4
BRDA:59,7,0,6
BRDA:72,8,0,2
BRDA:77,9,0,6
BRDA:82,10,0,0
BRDA:93,11,0,3
BRDA:99,12,0,0
BRDA:113,13,0,21
BRDA:117,14,0,9
BRDA:121,15,0,12
BRDA:136,16,0,2
BRDA:141,17,0,0
BRDA:158,18,0,2
BRDA:161,19,0,0
BRDA:181,20,0,4
BRDA:184,21,0,3
BRDA:192,22,0,1
BRDA:207,23,0,3
BRDA:209,24,0,0
BRDA:215,25,0,12
BRDA:232,26,0,2
BRDA:234,27,0,0
BRDA:240,28,0,8
BRF:29
BRH:23
end_of_record
TN:
SF:src/unirArraysSemDuplicatas.js
FN:3,unirArraysSemDuplicatas
FNF:1
FNH:1
FNDA:6,unirArraysSemDuplicatas
DA:1,1
DA:2,1
DA:3,6
DA:4,6
DA:5,6
DA:6,6
DA:7,6
DA:8,6
DA:9,6
DA:10,6
DA:11,6
DA:12,6
DA:13,1
DA:14,1
DA:15,1
DA:16,1
DA:17,1
DA:18,1
DA:19,1
DA:20,1
DA:21,1
DA:22,1
LF:22
LH:22
BRDA:3,0,0,6
BRF:1
BRH:1
end_of_record
