TN:
SF:src/Maze.js
FN:9,Maze
FN:19,findPath
FN:65,isValid
FN:75,findPathInMaze
FNF:4
FNH:4
FNDA:2,Maze
FNDA:2,findPath
FNDA:28,isValid
FNDA:2,findPathInMaze
DA:1,1
DA:2,1
DA:3,1
DA:4,1
DA:5,1
DA:6,1
DA:7,1
DA:8,1
DA:9,1
DA:10,2
DA:11,2
DA:12,2
DA:13,2
DA:14,1
DA:15,1
DA:16,1
DA:17,1
DA:18,1
DA:19,1
DA:20,2
DA:21,2
DA:22,2
DA:23,2
DA:24,2
DA:25,2
DA:26,2
DA:27,2
DA:28,2
DA:29,2
DA:30,2
DA:31,2
DA:32,2
DA:33,2
DA:34,2
DA:35,8
DA:36,8
DA:37,8
DA:38,8
DA:39,8
DA:40,8
DA:41,1
DA:42,1
DA:43,7
DA:44,8
DA:45,28
DA:46,28
DA:47,28
DA:48,28
DA:49,8
DA:50,8
DA:51,8
DA:52,28
DA:53,7
DA:54,1
DA:55,1
DA:56,1
DA:57,1
DA:58,1
DA:59,1
DA:60,1
DA:61,1
DA:62,1
DA:63,1
DA:64,1
DA:65,1
DA:66,28
DA:67,28
DA:68,1
DA:69,1
DA:70,1
DA:71,1
DA:72,1
DA:73,1
DA:74,1
DA:75,1
DA:76,2
DA:77,2
DA:78,2
LF:78
LH:78
BRDA:9,0,0,2
BRDA:19,1,0,2
BRDA:34,2,0,8
BRDA:40,3,0,1
BRDA:40,4,0,1
BRDA:42,5,0,7
BRDA:44,6,0,28
BRDA:48,7,0,8
BRDA:52,8,0,7
BRDA:53,9,0,1
BRDA:21,10,0,8
BRDA:65,11,0,28
BRDA:66,12,0,25
BRDA:66,13,0,25
BRDA:66,14,0,23
BRDA:66,15,0,22
BRDA:66,16,0,17
BRDA:75,17,0,2
BRF:18
BRH:18
end_of_record
TN:
SF:src/MostFrequentFinder.js
FN:9,MostFrequentFinder
FN:17,findMostFrequent
FNF:2
FNH:2
FNDA:4,MostFrequentFinder
FNDA:4,findMostFrequent
DA:1,1
DA:2,1
DA:3,1
DA:4,1
DA:5,1
DA:6,1
DA:7,1
DA:8,1
DA:9,1
DA:10,4
DA:11,4
DA:12,1
DA:13,1
DA:14,1
DA:15,1
DA:16,1
DA:17,1
DA:18,4
DA:19,4
DA:20,4
DA:21,4
DA:22,4
DA:23,17
DA:24,17
DA:25,17
DA:26,17
DA:27,8
DA:28,8
DA:29,8
DA:30,4
DA:31,4
DA:32,4
DA:33,4
DA:34,1
LF:34
LH:34
BRDA:9,0,0,4
BRDA:17,1,0,4
BRDA:22,2,0,17
BRDA:23,3,0,8
BRDA:26,4,0,8
BRF:5
BRH:5
end_of_record
TN:
SF:src/PairsFinder.js
FN:10,PairsFinder
FN:19,findPairs
FNF:2
FNH:2
FNDA:4,PairsFinder
FNDA:4,findPairs
DA:1,1
DA:2,1
DA:3,1
DA:4,1
DA:5,1
DA:6,1
DA:7,1
DA:8,1
DA:9,1
DA:10,1
DA:11,4
DA:12,4
DA:13,4
DA:14,1
DA:15,1
DA:16,1
DA:17,1
DA:18,1
DA:19,1
DA:20,4
DA:21,4
DA:22,4
DA:23,4
DA:24,14
DA:25,14
DA:26,4
DA:27,4
DA:28,14
DA:29,4
DA:30,4
DA:31,4
DA:32,4
DA:33,1
LF:33
LH:33
BRDA:10,0,0,4
BRDA:19,1,0,4
BRDA:23,2,0,14
BRDA:25,3,0,4
BRF:4
BRH:4
end_of_record
TN:
SF:src/PriorityBankQueue.js
FN:8,PriorityBankQueue
FN:18,addCustomer
FN:26,serveCustomers
FNF:3
FNH:3
FNDA:2,PriorityBankQueue
FNDA:6,addCustomer
FNDA:1,serveCustomers
DA:1,1
DA:2,1
DA:3,1
DA:4,1
DA:5,1
DA:6,1
DA:7,1
DA:8,1
DA:9,2
DA:10,2
DA:11,1
DA:12,1
DA:13,1
DA:14,1
DA:15,1
DA:16,1
DA:17,1
DA:18,1
DA:19,6
DA:20,6
DA:21,6
DA:22,1
DA:23,1
DA:24,1
DA:25,1
DA:26,1
DA:27,1
DA:28,1
DA:29,3
DA:30,3
DA:31,3
DA:32,1
DA:33,1
DA:34,1
LF:34
LH:34
BRDA:8,0,0,2
BRDA:18,1,0,6
BRDA:20,2,0,10
BRDA:26,3,0,1
BRDA:28,4,0,3
BRF:5
BRH:5
end_of_record
TN:
SF:src/PriorityMessaging.js
FN:10,Message
FN:23,PriorityMessaging
FN:34,addMessage
FN:44,processMessages
FNF:4
FNH:4
FNDA:6,Message
FNDA:2,PriorityMessaging
FNDA:6,addMessage
FNDA:1,processMessages
DA:1,1
DA:2,1
DA:3,1
DA:4,1
DA:5,1
DA:6,1
DA:7,1
DA:8,1
DA:9,1
DA:10,1
DA:11,6
DA:12,6
DA:13,6
DA:14,1
DA:15,1
DA:16,1
DA:17,1
DA:18,1
DA:19,1
DA:20,1
DA:21,1
DA:22,1
DA:23,1
DA:24,2
DA:25,2
DA:26,1
DA:27,1
DA:28,1
DA:29,1
DA:30,1
DA:31,1
DA:32,1
DA:33,1
DA:34,1
DA:35,6
DA:36,6
DA:37,6
DA:38,6
DA:39,6
DA:40,1
DA:41,1
DA:42,1
DA:43,1
DA:44,1
DA:45,1
DA:46,3
DA:47,3
DA:48,3
DA:49,1
DA:50,1
DA:51,1
LF:51
LH:51
BRDA:10,0,0,6
BRDA:23,1,0,2
BRDA:34,2,0,6
BRDA:37,3,0,10
BRDA:44,4,0,1
BRDA:45,5,0,3
BRF:6
BRH:6
end_of_record
TN:
SF:src/SecondLargestFinder.js
FN:9,SecondLargestFinder
FN:18,findSecondLargest
FNF:2
FNH:2
FNDA:5,SecondLargestFinder
FNDA:5,findSecondLargest
DA:1,1
DA:2,1
DA:3,1
DA:4,1
DA:5,1
DA:6,1
DA:7,1
DA:8,1
DA:9,1
DA:10,5
DA:11,5
DA:12,1
DA:13,1
DA:14,1
DA:15,1
DA:16,1
DA:17,1
DA:18,1
DA:19,5
DA:20,1
DA:21,1
DA:22,4
DA:23,4
DA:24,4
DA:25,4
DA:26,4
DA:27,18
DA:28,10
DA:29,10
DA:30,18
DA:31,1
DA:32,1
DA:33,4
DA:34,4
DA:35,5
DA:36,1
DA:37,1
DA:38,3
DA:39,3
DA:40,3
DA:41,1
LF:41
LH:41
BRDA:9,0,0,5
BRDA:18,1,0,5
BRDA:19,2,0,1
BRDA:21,3,0,4
BRDA:35,4,0,1
BRDA:37,5,0,3
BRDA:26,6,0,18
BRDA:27,7,0,14
BRDA:27,8,0,10
BRDA:30,9,0,8
BRDA:30,10,0,5
BRDA:30,11,0,5
BRDA:30,12,0,1
BRF:13
BRH:13
end_of_record
TN:
SF:src/infixToPostfixConversion.js
FN:6,infixToPostfixConversion
FN:15,isOperator
FNF:2
FNH:2
FNDA:4,infixToPostfixConversion
FNDA:13,isOperator
DA:1,1
DA:2,1
DA:3,1
DA:4,1
DA:5,1
DA:6,1
DA:7,4
DA:8,4
DA:9,4
DA:10,4
DA:11,4
DA:12,4
DA:13,4
DA:14,4
DA:15,4
DA:16,4
DA:17,4
DA:18,4
DA:19,4
DA:20,36
DA:21,17
DA:22,36
DA:23,3
DA:24,19
DA:25,3
DA:26,4
DA:27,4
DA:28,3
DA:29,16
DA:30,13
DA:31,4
DA:32,4
DA:33,13
DA:34,13
DA:35,36
DA:36,4
DA:37,4
DA:38,5
DA:39,5
DA:40,4
DA:41,4
DA:42,4
LF:42
LH:42
BRDA:6,0,0,4
BRDA:19,1,0,36
BRDA:20,2,0,17
BRDA:22,3,0,19
BRDA:22,4,0,3
BRDA:24,5,0,16
BRDA:24,6,0,3
BRDA:25,7,0,7
BRDA:25,8,0,4
BRDA:29,9,0,13
BRDA:30,10,0,12
BRDA:30,11,0,4
BRDA:37,12,0,5
BRDA:15,13,0,13
BRF:14
BRH:14
end_of_record
